ERROR 2023-09-16 14:19:33,841 views No wkhtmltopdf executable found: "C:/Program Files/wkhtmltopdf/bin/wkhtmltopdf.exe"
If this file exists please check that this process can read it or you can pass path to it manually in method call, check README. Otherwise please install wkhtmltopdf - https://github.com/JazzCore/python-pdfkit/wiki/Installing-wkhtmltopdf
Traceback (most recent call last):
  File "/home/rifat/Projects/django/workstation/django_smtp_dynamic_template/venv/lib/python3.11/site-packages/pdfkit/configuration.py", line 35, in __init__
    with open(self.wkhtmltopdf) as f:
         ^^^^^^^^^^^^^^^^^^^^^^
FileNotFoundError: [Errno 2] No such file or directory: 'C:/Program Files/wkhtmltopdf/bin/wkhtmltopdf.exe'

During handling of the above exception, another exception occurred:

Traceback (most recent call last):
  File "/home/rifat/Projects/django/workstation/django_smtp_dynamic_template/smtp_send_mail/smtp_send_mail/views.py", line 525, in generate_updates
    res = send_mail_func2(subject, email_receiver, html_body_file_data, content_body, proxy_info)
          ^^^^^^^^^^^^^^^^^^^^^^^^^^^^^^^^^^^^^^^^^^^^^^^^^^^^^^^^^^^^^^^^^^^^^^^^^^^^^^^^^^^^^^^
  File "/home/rifat/Projects/django/workstation/django_smtp_dynamic_template/smtp_send_mail/smtp_send_mail/views.py", line 301, in send_mail_func2
    config = pdfkit.configuration(wkhtmltopdf="C:/Program Files/wkhtmltopdf/bin/wkhtmltopdf.exe")
             ^^^^^^^^^^^^^^^^^^^^^^^^^^^^^^^^^^^^^^^^^^^^^^^^^^^^^^^^^^^^^^^^^^^^^^^^^^^^^^^^^^^^
  File "/home/rifat/Projects/django/workstation/django_smtp_dynamic_template/venv/lib/python3.11/site-packages/pdfkit/api.py", line 86, in configuration
    return Configuration(**kwargs)
           ^^^^^^^^^^^^^^^^^^^^^^^
  File "/home/rifat/Projects/django/workstation/django_smtp_dynamic_template/venv/lib/python3.11/site-packages/pdfkit/configuration.py", line 38, in __init__
    raise IOError('No wkhtmltopdf executable found: "%s"\n'
OSError: No wkhtmltopdf executable found: "C:/Program Files/wkhtmltopdf/bin/wkhtmltopdf.exe"
If this file exists please check that this process can read it or you can pass path to it manually in method call, check README. Otherwise please install wkhtmltopdf - https://github.com/JazzCore/python-pdfkit/wiki/Installing-wkhtmltopdf
ERROR 2023-09-16 14:20:15,481 urls Relative URI reference without a base URI: <img src="logo.png">
ERROR 2023-09-16 14:20:19,630 urls Relative URI reference without a base URI: <img src="logo.png">
